  [1m[36m (1.3ms)[0m  [1mCREATE TABLE "schema_migrations" ("version" varchar(255) NOT NULL) [0m
  [1m[35m (0.8ms)[0m  CREATE UNIQUE INDEX "unique_schema_migrations" ON "schema_migrations" ("version")
  [1m[36mActiveRecord::SchemaMigration Load (0.1ms)[0m  [1mSELECT "schema_migrations".* FROM "schema_migrations"[0m
Migrating to CreatePictures (20150123130458)
  [1m[35m (0.1ms)[0m  begin transaction
  [1m[36m (0.4ms)[0m  [1mCREATE TABLE "pictures" ("id" INTEGER PRIMARY KEY AUTOINCREMENT NOT NULL, "caption" varchar(255), "avatar" varchar(255), "created_at" datetime, "updated_at" datetime) [0m
  [1m[35mSQL (0.2ms)[0m  INSERT INTO "schema_migrations" ("version") VALUES (?)  [["version", "20150123130458"]]
  [1m[36m (0.6ms)[0m  [1mcommit transaction[0m
  [1m[35mActiveRecord::SchemaMigration Load (0.1ms)[0m  SELECT "schema_migrations".* FROM "schema_migrations"


Started GET "/" for 127.0.0.1 at 2015-01-23 18:37:29 +0530
  [1m[36mActiveRecord::SchemaMigration Load (0.4ms)[0m  [1mSELECT "schema_migrations".* FROM "schema_migrations"[0m
Processing by Rails::WelcomeController#index as HTML
  Rendered /Users/rajarajan/.rvm/gems/ruby-2.1.1/gems/railties-4.0.0/lib/rails/templates/rails/welcome/index.html.erb (2.0ms)
Completed 200 OK in 59ms (Views: 48.4ms | ActiveRecord: 0.0ms)


Started GET "/pictures" for 127.0.0.1 at 2015-01-23 18:38:02 +0530
Processing by PicturesController#index as HTML
  [1m[35mPicture Load (0.5ms)[0m  SELECT "pictures".* FROM "pictures"
  Rendered pictures/index.html.erb within layouts/application (2.4ms)
Completed 200 OK in 680ms (Views: 671.9ms | ActiveRecord: 0.5ms)


Started GET "/assets/pictures.css?body=1" for 127.0.0.1 at 2015-01-23 18:38:03 +0530


Started GET "/assets/turbolinks.js?body=1" for 127.0.0.1 at 2015-01-23 18:38:03 +0530


Started GET "/assets/scaffolds.css?body=1" for 127.0.0.1 at 2015-01-23 18:38:03 +0530


Started GET "/assets/pictures.js?body=1" for 127.0.0.1 at 2015-01-23 18:38:03 +0530


Started GET "/assets/jquery.js?body=1" for 127.0.0.1 at 2015-01-23 18:38:03 +0530


Started GET "/assets/jquery_ujs.js?body=1" for 127.0.0.1 at 2015-01-23 18:38:03 +0530


Started GET "/img/mybg.png" for 127.0.0.1 at 2015-01-23 18:38:03 +0530

ActionController::RoutingError (No route matches [GET] "/img/mybg.png"):
  actionpack (4.0.0) lib/action_dispatch/middleware/debug_exceptions.rb:21:in `call'
  actionpack (4.0.0) lib/action_dispatch/middleware/show_exceptions.rb:30:in `call'
  railties (4.0.0) lib/rails/rack/logger.rb:38:in `call_app'
  railties (4.0.0) lib/rails/rack/logger.rb:21:in `block in call'
  activesupport (4.0.0) lib/active_support/tagged_logging.rb:67:in `block in tagged'
  activesupport (4.0.0) lib/active_support/tagged_logging.rb:25:in `tagged'
  activesupport (4.0.0) lib/active_support/tagged_logging.rb:67:in `tagged'
  railties (4.0.0) lib/rails/rack/logger.rb:21:in `call'
  actionpack (4.0.0) lib/action_dispatch/middleware/request_id.rb:21:in `call'
  rack (1.5.2) lib/rack/methodoverride.rb:21:in `call'
  rack (1.5.2) lib/rack/runtime.rb:17:in `call'
  activesupport (4.0.0) lib/active_support/cache/strategy/local_cache.rb:83:in `call'
  rack (1.5.2) lib/rack/lock.rb:17:in `call'
  actionpack (4.0.0) lib/action_dispatch/middleware/static.rb:64:in `call'
  railties (4.0.0) lib/rails/engine.rb:511:in `call'
  railties (4.0.0) lib/rails/application.rb:97:in `call'
  rack (1.5.2) lib/rack/lock.rb:17:in `call'
  rack (1.5.2) lib/rack/content_length.rb:14:in `call'
  rack (1.5.2) lib/rack/handler/webrick.rb:60:in `service'
  /Users/rajarajan/.rvm/rubies/ruby-2.1.1/lib/ruby/2.1.0/webrick/httpserver.rb:138:in `service'
  /Users/rajarajan/.rvm/rubies/ruby-2.1.1/lib/ruby/2.1.0/webrick/httpserver.rb:94:in `run'
  /Users/rajarajan/.rvm/rubies/ruby-2.1.1/lib/ruby/2.1.0/webrick/server.rb:295:in `block in start_thread'


  Rendered /Users/rajarajan/.rvm/gems/ruby-2.1.1/gems/actionpack-4.0.0/lib/action_dispatch/middleware/templates/rescues/_trace.erb (1.1ms)
  Rendered /Users/rajarajan/.rvm/gems/ruby-2.1.1/gems/actionpack-4.0.0/lib/action_dispatch/middleware/templates/routes/_route.html.erb (1.2ms)
  Rendered /Users/rajarajan/.rvm/gems/ruby-2.1.1/gems/actionpack-4.0.0/lib/action_dispatch/middleware/templates/routes/_table.html.erb (6.6ms)
  Rendered /Users/rajarajan/.rvm/gems/ruby-2.1.1/gems/actionpack-4.0.0/lib/action_dispatch/middleware/templates/rescues/routing_error.erb within rescues/layout (30.0ms)


Started GET "/pictures/new" for 127.0.0.1 at 2015-01-23 18:38:05 +0530
Processing by PicturesController#new as HTML
  Rendered pictures/_form.html.erb (29.3ms)
  Rendered pictures/new.html.erb within layouts/application (30.7ms)
Completed 500 Internal Server Error in 34ms

ActionView::Template::Error (undefined method `input' for #<ActionView::Helpers::FormBuilder:0x00000102d84610>):
    17:   </div>
    18:   <div class="field">
    19:     <%= f.label :avatar %><br>
    20:     <%= f.input :avatar %>
    21:   </div>
    22:   <div class="actions">
    23:     <%= f.submit %>
  app/views/pictures/_form.html.erb:20:in `block in _app_views_pictures__form_html_erb__964052617829344928_2171001100'
  app/views/pictures/_form.html.erb:1:in `_app_views_pictures__form_html_erb__964052617829344928_2171001100'
  app/views/pictures/new.html.erb:3:in `_app_views_pictures_new_html_erb___61811458735280934_2170845840'


  Rendered /Users/rajarajan/.rvm/gems/ruby-2.1.1/gems/actionpack-4.0.0/lib/action_dispatch/middleware/templates/rescues/_trace.erb (1.1ms)
  Rendered /Users/rajarajan/.rvm/gems/ruby-2.1.1/gems/actionpack-4.0.0/lib/action_dispatch/middleware/templates/rescues/_request_and_response.erb (0.9ms)
  Rendered /Users/rajarajan/.rvm/gems/ruby-2.1.1/gems/actionpack-4.0.0/lib/action_dispatch/middleware/templates/rescues/template_error.erb within rescues/layout (11.4ms)


Started GET "/pictures/new" for 127.0.0.1 at 2015-01-23 18:38:05 +0530
Processing by PicturesController#new as HTML
  Rendered pictures/_form.html.erb (12.0ms)
  Rendered pictures/new.html.erb within layouts/application (13.5ms)
Completed 500 Internal Server Error in 17ms

ActionView::Template::Error (undefined method `input' for #<ActionView::Helpers::FormBuilder:0x00000102f175b8>):
    17:   </div>
    18:   <div class="field">
    19:     <%= f.label :avatar %><br>
    20:     <%= f.input :avatar %>
    21:   </div>
    22:   <div class="actions">
    23:     <%= f.submit %>
  app/views/pictures/_form.html.erb:20:in `block in _app_views_pictures__form_html_erb__964052617829344928_2172118440'
  app/views/pictures/_form.html.erb:1:in `_app_views_pictures__form_html_erb__964052617829344928_2172118440'
  app/views/pictures/new.html.erb:3:in `_app_views_pictures_new_html_erb___61811458735280934_2172107400'


  Rendered /Users/rajarajan/.rvm/gems/ruby-2.1.1/gems/actionpack-4.0.0/lib/action_dispatch/middleware/templates/rescues/_trace.erb (1.1ms)
  Rendered /Users/rajarajan/.rvm/gems/ruby-2.1.1/gems/actionpack-4.0.0/lib/action_dispatch/middleware/templates/rescues/_request_and_response.erb (0.9ms)
  Rendered /Users/rajarajan/.rvm/gems/ruby-2.1.1/gems/actionpack-4.0.0/lib/action_dispatch/middleware/templates/rescues/template_error.erb within rescues/layout (11.0ms)


Started GET "/pictures/new" for 127.0.0.1 at 2015-01-23 18:38:53 +0530
Processing by PicturesController#new as HTML
  Rendered pictures/_form.html.erb (4.1ms)
  Rendered pictures/new.html.erb within layouts/application (5.1ms)
Completed 200 OK in 10ms (Views: 9.1ms | ActiveRecord: 0.0ms)


Started GET "/assets/application.css?body=1" for 127.0.0.1 at 2015-01-23 18:38:53 +0530


Started GET "/assets/turbolinks.js?body=1" for 127.0.0.1 at 2015-01-23 18:38:53 +0530


Started GET "/assets/scaffolds.css?body=1" for 127.0.0.1 at 2015-01-23 18:38:53 +0530


Started GET "/assets/pictures.css?body=1" for 127.0.0.1 at 2015-01-23 18:38:53 +0530


Started GET "/assets/jquery.js?body=1" for 127.0.0.1 at 2015-01-23 18:38:53 +0530


Started GET "/assets/jquery_ujs.js?body=1" for 127.0.0.1 at 2015-01-23 18:38:53 +0530


Started GET "/assets/pictures.js?body=1" for 127.0.0.1 at 2015-01-23 18:38:53 +0530


Started GET "/assets/application.js?body=1" for 127.0.0.1 at 2015-01-23 18:38:53 +0530


Started POST "/pictures" for 127.0.0.1 at 2015-01-23 18:39:08 +0530
Processing by PicturesController#create as HTML
  Parameters: {"utf8"=>"✓", "authenticity_token"=>"5V4gNq4di82LCCgK/issDkMz46h51E0L8TiV9GiqSDc=", "picture"=>{"caption"=>"", "avatar"=>#<ActionDispatch::Http::UploadedFile:0x0000010734df70 @tempfile=#<Tempfile:/var/folders/jv/bbrqmk751x35_lzr9mgc_hc80000gn/T/RackMultipart20150123-16168-1p16t5w>, @original_filename="IMG_27112014_124754.png", @content_type="image/png", @headers="Content-Disposition: form-data; name=\"picture[avatar]\"; filename=\"IMG_27112014_124754.png\"\r\nContent-Type: image/png\r\n">}, "commit"=>"Create Picture"}
  [1m[36m (0.1ms)[0m  [1mbegin transaction[0m
  [1m[35mSQL (6.9ms)[0m  INSERT INTO "pictures" ("avatar", "caption", "created_at", "updated_at") VALUES (?, ?, ?, ?)  [["avatar", #<ActionDispatch::Http::UploadedFile:0x0000010734df70 @tempfile=#<Tempfile:/var/folders/jv/bbrqmk751x35_lzr9mgc_hc80000gn/T/RackMultipart20150123-16168-1p16t5w>, @original_filename="IMG_27112014_124754.png", @content_type="image/png", @headers="Content-Disposition: form-data; name=\"picture[avatar]\"; filename=\"IMG_27112014_124754.png\"\r\nContent-Type: image/png\r\n">], ["caption", ""], ["created_at", Fri, 23 Jan 2015 13:09:08 UTC +00:00], ["updated_at", Fri, 23 Jan 2015 13:09:08 UTC +00:00]]
TypeError: can't cast ActionDispatch::Http::UploadedFile to string: INSERT INTO "pictures" ("avatar", "caption", "created_at", "updated_at") VALUES (?, ?, ?, ?)
  [1m[36m (0.1ms)[0m  [1mrollback transaction[0m
Completed 500 Internal Server Error in 12ms

ActiveRecord::StatementInvalid (TypeError: can't cast ActionDispatch::Http::UploadedFile to string: INSERT INTO "pictures" ("avatar", "caption", "created_at", "updated_at") VALUES (?, ?, ?, ?)):
  app/controllers/pictures_controller.rb:30:in `block in create'
  app/controllers/pictures_controller.rb:29:in `create'


  Rendered /Users/rajarajan/.rvm/gems/ruby-2.1.1/gems/actionpack-4.0.0/lib/action_dispatch/middleware/templates/rescues/_source.erb (0.6ms)
  Rendered /Users/rajarajan/.rvm/gems/ruby-2.1.1/gems/actionpack-4.0.0/lib/action_dispatch/middleware/templates/rescues/_trace.erb (1.1ms)
  Rendered /Users/rajarajan/.rvm/gems/ruby-2.1.1/gems/actionpack-4.0.0/lib/action_dispatch/middleware/templates/rescues/_request_and_response.erb (1.0ms)
  Rendered /Users/rajarajan/.rvm/gems/ruby-2.1.1/gems/actionpack-4.0.0/lib/action_dispatch/middleware/templates/rescues/diagnostics.erb within rescues/layout (15.7ms)


Started GET "/pictures" for 127.0.0.1 at 2015-01-23 18:52:57 +0530
  [1m[36mActiveRecord::SchemaMigration Load (0.4ms)[0m  [1mSELECT "schema_migrations".* FROM "schema_migrations"[0m
Processing by PicturesController#index as HTML
  [1m[35mPicture Load (0.4ms)[0m  SELECT "pictures".* FROM "pictures"
  Rendered pictures/index.html.erb within layouts/application (2.9ms)
Completed 200 OK in 64ms (Views: 46.9ms | ActiveRecord: 0.4ms)


Started GET "/assets/application.css?body=1" for 127.0.0.1 at 2015-01-23 18:52:57 +0530


Started GET "/assets/pictures.css?body=1" for 127.0.0.1 at 2015-01-23 18:52:57 +0530


Started GET "/assets/jquery_ujs.js?body=1" for 127.0.0.1 at 2015-01-23 18:52:57 +0530


Started GET "/assets/scaffolds.css?body=1" for 127.0.0.1 at 2015-01-23 18:52:57 +0530


Started GET "/assets/jquery.js?body=1" for 127.0.0.1 at 2015-01-23 18:52:57 +0530


Started GET "/assets/turbolinks.js?body=1" for 127.0.0.1 at 2015-01-23 18:52:57 +0530


Started GET "/assets/pictures.js?body=1" for 127.0.0.1 at 2015-01-23 18:52:57 +0530


Started GET "/assets/application.js?body=1" for 127.0.0.1 at 2015-01-23 18:52:57 +0530


Started GET "/pictures/new" for 127.0.0.1 at 2015-01-23 18:52:59 +0530
Processing by PicturesController#new as HTML
  Rendered pictures/_form.html.erb (28.1ms)
  Rendered pictures/new.html.erb within layouts/application (32.5ms)
Completed 200 OK in 39ms (Views: 37.4ms | ActiveRecord: 0.4ms)


Started POST "/pictures" for 127.0.0.1 at 2015-01-23 18:53:09 +0530
Processing by PicturesController#create as HTML
  Parameters: {"utf8"=>"✓", "authenticity_token"=>"5V4gNq4di82LCCgK/issDkMz46h51E0L8TiV9GiqSDc=", "picture"=>{"caption"=>"sadf", "avatar"=>#<ActionDispatch::Http::UploadedFile:0x000001016126d0 @tempfile=#<Tempfile:/var/folders/jv/bbrqmk751x35_lzr9mgc_hc80000gn/T/RackMultipart20150123-16201-7sihu0>, @original_filename="logo.png", @content_type="image/png", @headers="Content-Disposition: form-data; name=\"picture[avatar]\"; filename=\"logo.png\"\r\nContent-Type: image/png\r\n">}, "commit"=>"Create Picture"}
  [1m[36m (0.1ms)[0m  [1mbegin transaction[0m
  [1m[35mSQL (2.6ms)[0m  INSERT INTO "pictures" ("avatar", "caption", "created_at", "updated_at") VALUES (?, ?, ?, ?)  [["avatar", "logo.png"], ["caption", "sadf"], ["created_at", Fri, 23 Jan 2015 13:23:09 UTC +00:00], ["updated_at", Fri, 23 Jan 2015 13:23:09 UTC +00:00]]
  [1m[36m (0.7ms)[0m  [1mcommit transaction[0m
Redirected to http://localhost:3000/pictures/1
Completed 302 Found in 17ms (ActiveRecord: 3.5ms)


Started GET "/pictures/1" for 127.0.0.1 at 2015-01-23 18:53:09 +0530
Processing by PicturesController#show as HTML
  Parameters: {"id"=>"1"}
  [1m[35mPicture Load (0.2ms)[0m  SELECT "pictures".* FROM "pictures" WHERE "pictures"."id" = ? LIMIT 1  [["id", "1"]]
  Rendered pictures/show.html.erb within layouts/application (15.3ms)
Completed 500 Internal Server Error in 20ms

ActionView::Template::Error (undefined local variable or method `f' for #<#<Class:0x00000101580370>:0x00000105681d88>):
     9:   <strong>Avatar:</strong>
    10:   <!-- <%= @picture.avatar %> -->
    11:   <%= image_tag(@picture.avatar_url) if @picture.avatar? %>
    12:     <%= f.file_field :avatar %>
    13: </p>
    14: 
    15: <%= link_to 'Edit', edit_picture_path(@picture) %> |
  app/views/pictures/show.html.erb:12:in `_app_views_pictures_show_html_erb__1695268443693125216_2192836080'


  Rendered /Users/rajarajan/.rvm/gems/ruby-2.1.1/gems/actionpack-4.0.0/lib/action_dispatch/middleware/templates/rescues/_trace.erb (1.7ms)
  Rendered /Users/rajarajan/.rvm/gems/ruby-2.1.1/gems/actionpack-4.0.0/lib/action_dispatch/middleware/templates/rescues/_request_and_response.erb (1.0ms)
  Rendered /Users/rajarajan/.rvm/gems/ruby-2.1.1/gems/actionpack-4.0.0/lib/action_dispatch/middleware/templates/rescues/template_error.erb within rescues/layout (15.4ms)


Started GET "/pictures/1" for 127.0.0.1 at 2015-01-23 18:53:19 +0530
Processing by PicturesController#show as HTML
  Parameters: {"id"=>"1"}
  [1m[36mPicture Load (0.1ms)[0m  [1mSELECT "pictures".* FROM "pictures" WHERE "pictures"."id" = ? LIMIT 1[0m  [["id", "1"]]
  Rendered pictures/show.html.erb within layouts/application (12.2ms)
Completed 500 Internal Server Error in 15ms

ActionView::Template::Error (undefined local variable or method `f' for #<#<Class:0x00000101580370>:0x000001054e9778>):
     9:   <strong>Avatar:</strong>
    10:   <!-- <%= @picture.avatar %> -->
    11:   <%= image_tag(@picture.avatar_url) if @picture.avatar? %>
    12:     <!-- <%= f.file_field :avatar %> -->
    13: </p>
    14: 
    15: <%= link_to 'Edit', edit_picture_path(@picture) %> |
  app/views/pictures/show.html.erb:12:in `_app_views_pictures_show_html_erb__1695268443693125216_2191988480'


  Rendered /Users/rajarajan/.rvm/gems/ruby-2.1.1/gems/actionpack-4.0.0/lib/action_dispatch/middleware/templates/rescues/_trace.erb (1.2ms)
  Rendered /Users/rajarajan/.rvm/gems/ruby-2.1.1/gems/actionpack-4.0.0/lib/action_dispatch/middleware/templates/rescues/_request_and_response.erb (1.0ms)
  Rendered /Users/rajarajan/.rvm/gems/ruby-2.1.1/gems/actionpack-4.0.0/lib/action_dispatch/middleware/templates/rescues/template_error.erb within rescues/layout (10.7ms)


Started GET "/pictures/1" for 127.0.0.1 at 2015-01-23 18:53:43 +0530
Processing by PicturesController#show as HTML
  Parameters: {"id"=>"1"}
  [1m[35mPicture Load (0.1ms)[0m  SELECT "pictures".* FROM "pictures" WHERE "pictures"."id" = ? LIMIT 1  [["id", "1"]]
  Rendered pictures/show.html.erb within layouts/application (1.3ms)
Completed 200 OK in 6ms (Views: 5.2ms | ActiveRecord: 0.1ms)


Started GET "/assets/application.css?body=1" for 127.0.0.1 at 2015-01-23 18:53:43 +0530


Started GET "/assets/scaffolds.css?body=1" for 127.0.0.1 at 2015-01-23 18:53:43 +0530


Started GET "/assets/turbolinks.js?body=1" for 127.0.0.1 at 2015-01-23 18:53:43 +0530


Started GET "/assets/jquery.js?body=1" for 127.0.0.1 at 2015-01-23 18:53:43 +0530


Started GET "/assets/jquery_ujs.js?body=1" for 127.0.0.1 at 2015-01-23 18:53:43 +0530


Started GET "/assets/application.js?body=1" for 127.0.0.1 at 2015-01-23 18:53:43 +0530


Started GET "/assets/pictures.css?body=1" for 127.0.0.1 at 2015-01-23 18:53:43 +0530


Started GET "/assets/pictures.js?body=1" for 127.0.0.1 at 2015-01-23 18:53:43 +0530


Started GET "/pictures/1.json" for 127.0.0.1 at 2015-01-23 18:53:49 +0530
Processing by PicturesController#show as JSON
  Parameters: {"id"=>"1"}
  [1m[36mPicture Load (0.1ms)[0m  [1mSELECT "pictures".* FROM "pictures" WHERE "pictures"."id" = ? LIMIT 1[0m  [["id", "1"]]
  Rendered pictures/show.json.jbuilder (4.7ms)
Completed 200 OK in 9ms (Views: 6.9ms | ActiveRecord: 0.1ms)
